********************************************************************************
product = WebSphere Application Server 8.5.5.4 (wlp-1.0.7.cl50420141211-1039)
wlp.install.dir = /home/bpeters/.eclipse/org.eclipse.platform_793567567_linux_gtk_x86_64/configuration/org.eclipse.osgi/308/0/.cp/resources/server_runtime/
server.config.dir = /home/bpeters/Development/JavaTests/.metadata/.plugins/com.ibm.etools.wdt.server.core/tmp0/usr/servers/defaultServer0/
java.home = /usr/lib/jvm/java-1.8.0-openjdk-1.8.0.65-15.b17.fc23.x86_64/jre
java.version = 1.8.0_65
java.runtime = OpenJDK Runtime Environment (1.8.0_65-b17)
os = Linux (4.2.7-300.fc23.x86_64+debug; amd64) (en_US)
process = 6767@localhost.localdomain
********************************************************************************
[1/18/16 20:00:40:280 AST] 00000001 com.ibm.ws.kernel.launch.internal.FrameworkManager           A CWWKE0001I: The server defaultServer0 has been launched.
[1/18/16 20:00:41:290 AST] 00000001 com.ibm.ws.kernel.launch.internal.FrameworkManager           I CWWKE0002I: The kernel started after 1.255 seconds
[1/18/16 20:00:41:307 AST] 00000017 com.ibm.ws.kernel.feature.internal.FeatureManager            I CWWKF0007I: Feature update started.
[1/18/16 20:00:42:353 AST] 00000019 com.ibm.ws.tcpchannel.internal.TCPChannel                    I CWWKO0219I: TCP Channel defaultHttpEndpoint has been started and is now listening for requests on host *  (IPv6) port 8080.
[1/18/16 20:00:42:361 AST] 0000000f com.ibm.ws.app.manager.internal.monitor.DropinMonitor        A CWWKZ0058I: Monitoring dropins for applications. 
[1/18/16 20:00:42:959 AST] 00000020 com.ibm.ws.app.manager.AppMessageHelper                      I CWWKZ0018I: Starting application Test3.
[1/18/16 20:00:42:961 AST] 00000021 com.ibm.ws.app.manager.AppMessageHelper                      I CWWKZ0018I: Starting application proxy.
[1/18/16 20:00:43:415 AST] 00000020 com.ibm.ws.webcontainer.osgi.webapp.WebGroup                 I SRVE0169I: Loading Web Module: Test3.
[1/18/16 20:00:43:419 AST] 00000020 com.ibm.ws.webcontainer                                      I SRVE0250I: Web Module Test3 has been bound to default_host.
[1/18/16 20:00:43:418 AST] 00000021 com.ibm.ws.webcontainer.osgi.webapp.WebGroup                 I SRVE0169I: Loading Web Module: Ajax Proxy for IBM WebSphere.
[1/18/16 20:00:43:419 AST] 00000021 com.ibm.ws.webcontainer                                      I SRVE0250I: Web Module Ajax Proxy for IBM WebSphere has been bound to default_host.
[1/18/16 20:00:43:420 AST] 00000020 com.ibm.ws.http.internal.VirtualHostImpl                     A CWWKT0016I: Web application available (default_host): http://192.168.1.147:8080/Test3/
[1/18/16 20:00:43:422 AST] 00000021 com.ibm.ws.http.internal.VirtualHostImpl                     A CWWKT0016I: Web application available (default_host): http://192.168.1.147:8080/proxy/
[1/18/16 20:00:43:424 AST] 00000021 com.ibm.ws.app.manager.AppMessageHelper                      A CWWKZ0001I: Application proxy started in 0.463 seconds.
[1/18/16 20:00:43:424 AST] 00000020 com.ibm.ws.app.manager.AppMessageHelper                      A CWWKZ0001I: Application Test3 started in 0.465 seconds.
[1/18/16 20:00:43:443 AST] 00000017 com.ibm.ws.kernel.feature.internal.FeatureManager            A CWWKF0012I: The server installed the following features: [servlet-3.0, jsp-2.2, json-1.0, localConnector-1.0, jaxrs-1.1].
[1/18/16 20:00:43:444 AST] 00000017 com.ibm.ws.kernel.feature.internal.FeatureManager            I CWWKF0008I: Feature update completed in 2.155 seconds.
[1/18/16 20:00:43:447 AST] 00000017 com.ibm.ws.kernel.feature.internal.FeatureManager            A CWWKF0011I: The server defaultServer0 is ready to run a smarter planet.
[1/18/16 20:00:43:971 AST] 00000023 com.ibm.ws.session.WASSessionCore                            I SESN8501I: The session manager did not find a persistent storage location; HttpSession objects will be stored in the local application server's memory.
[1/18/16 20:00:43:975 AST] 00000023 com.ibm.ws.session.WASSessionCore                            I SESN0176I: A new session context will be created for application key default_host/Test3
[1/18/16 20:00:43:989 AST] 00000023 com.ibm.ws.util                                              I SESN0172I: The session manager is using the Java default SecureRandom implementation for session ID generation.
